bash: cannot set terminal process group (-1): Inappropriate ioctl for device
bash: no job control in this shell
bash: dircolors: command not found
[00005555b892f4e0] vlcpulse audio output error: PulseAudio server connection failure: Connection refused
[00005555b89a0ad0] dummy interface: using the dummy interface module...
[h264_v4l2m2m @ 0x7ffeb0010e20] Could not find a valid device
[h264_v4l2m2m @ 0x7ffeb0010e20] can't configure decoder
[00007ffeb00041a0] avcodec decoder error: cannot start codec (h264_v4l2m2m)
error: XDG_RUNTIME_DIR is invalid or not set in the environment.
[00007ffea4006b60] gles2 gl: Initialized libplacebo v4.208.0 (API v208)
[00007ffea40013f0] mmal_xsplitter vout display: Try drm
[00007ffea496bae0] drm_vout generic: <<< OpenDrmVout: I420 1088x1922(1080x1920 @ 0,0 0/0), cfg.display: 1080x1920, source: 1088x1922(1080x1920 @ 0,0 1/1)
[00007ffea496bae0] drm_vout generic error: create_lease failed: Xerror 8
[00007ffea496bae0] drm_vout generic error: Failed to get xlease
[00007ffea496bae0] drm_vout generic error: Failed to set atomic cap
[00007ffea40013f0] mmal_xsplitter vout display: Drm no go
[00005556280a74e0] vlcpulse audio output error: PulseAudio server connection failure: Connection refused
[0000555628118ac0] dummy interface: using the dummy interface module...
[h264_v4l2m2m @ 0x7fff3c02efe0] Could not find a valid device
[h264_v4l2m2m @ 0x7fff3c02efe0] can't configure decoder
[00007fff3c092400] avcodec decoder error: cannot start codec (h264_v4l2m2m)
error: XDG_RUNTIME_DIR is invalid or not set in the environment.
[00007fff1c006b60] gles2 gl: Initialized libplacebo v4.208.0 (API v208)
[00007fff1c0013f0] mmal_xsplitter vout display: Try drm
[00007fff1c96b5c0] drm_vout generic: <<< OpenDrmVout: I420 1088x1922(1080x1920 @ 0,0 0/0), cfg.display: 1080x1920, source: 1088x1922(1080x1920 @ 0,0 1/1)
[00007fff1c96b5c0] drm_vout generic error: create_lease failed: Xerror 8
[00007fff1c96b5c0] drm_vout generic error: Failed to get xlease
[00007fff1c96b5c0] drm_vout generic error: Failed to set atomic cap
[00007fff1c0013f0] mmal_xsplitter vout display: Drm no go
[000055560dffb4e0] vlcpulse audio output error: PulseAudio server connection failure: Connection refused
[000055560e06cb40] dummy interface: using the dummy interface module...
[h264_v4l2m2m @ 0x7fff6c08e160] Could not find a valid device
[h264_v4l2m2m @ 0x7fff6c08e160] can't configure decoder
[00007fff6c0044d0] avcodec decoder error: cannot start codec (h264_v4l2m2m)
error: XDG_RUNTIME_DIR is invalid or not set in the environment.
[00007fff4c006b60] gles2 gl: Initialized libplacebo v4.208.0 (API v208)
[00007fff4c0013f0] mmal_xsplitter vout display: Try drm
[00007fff4c96bda0] drm_vout generic: <<< OpenDrmVout: I420 1088x1922(1080x1920 @ 0,0 0/0), cfg.display: 1080x1920, source: 1088x1922(1080x1920 @ 0,0 1/1)
[00007fff4c96bda0] drm_vout generic error: create_lease failed: Xerror 8
[00007fff4c96bda0] drm_vout generic error: Failed to get xlease
[00007fff4c96bda0] drm_vout generic error: Failed to set atomic cap
[00007fff4c0013f0] mmal_xsplitter vout display: Drm no go
