Opened SPI device: /dev/spidev0.0
Starting print job... /media/opencal/UBOOKSTORE/smoml.mp4
Starting continuous rotation CCW
Turning on all LEDs...
LEDs updated.
Stopping print job...
Stopping the motor.
No video file to delete.
Print job stopped and cleanup complete.
Starting print job... /media/opencal/UBOOKSTORE/smoml.mp4
Starting continuous rotation CCW
Turning on all LEDs...
LEDs updated.
Stopping print job...
Stopping the motor.
No video file to delete.
Print job stopped and cleanup complete.
Starting print job... /media/opencal/UBOOKSTORE/smoml.mp4
Starting continuous rotation CCW
Turning on all LEDs...
LEDs updated.
Stopping print job...
Stopping the motor.
No video file to delete.
Print job stopped and cleanup complete.
Starting print job... /media/opencal/UBOOKSTORE/smoml.mp4
Starting continuous rotation CCW
Turning on all LEDs...
LEDs updated.
Stopping print job...
Stopping the motor.
No video file to delete.
Print job stopped and cleanup complete.
